The system is: Linux - 5.10.16.3-microsoft-standard-WSL2 - x86_64
Compiling the C compiler identification source file "CMakeCCompilerId.c" succeeded.
Compiler: /usr/bin/cc 
Build flags: 
Id flags:  

The output was:
0


Compilation of the C compiler identification source "CMakeCCompilerId.c" produced "a.out"

The C compiler identification is GNU, found in "/mnt/c/Users/Hostrider/CLionProjects/lab1parra/CMakeFiles/3.16.3/CompilerIdC/a.out"

Determining if the C compiler works passed with the following output:
Change Dir: /mnt/c/Users/Hostrider/CLionProjects/lab1parra/CMakeFiles/CMakeTmp

Run Build Command(s):/usr/bin/make cmTC_7528b/fast && /usr/bin/make -f CMakeFiles/cmTC_7528b.dir/build.make CMakeFiles/cmTC_7528b.dir/build
make[1]: Entering directory '/mnt/c/Users/Hostrider/CLionProjects/lab1parra/CMakeFiles/CMakeTmp'
Building C object CMakeFiles/cmTC_7528b.dir/testCCompiler.c.o
/usr/bin/cc    -o CMakeFiles/cmTC_7528b.dir/testCCompiler.c.o   -c /mnt/c/Users/Hostrider/CLionProjects/lab1parra/CMakeFiles/CMakeTmp/testCCompiler.c
Linking C executable cmTC_7528b
/usr/bin/cmake -E cmake_link_script CMakeFiles/cmTC_7528b.dir/link.txt --verbose=1
/usr/bin/cc      CMakeFiles/cmTC_7528b.dir/testCCompiler.c.o  -o cmTC_7528b 
make[1]: Leaving directory '/mnt/c/Users/Hostrider/CLionProjects/lab1parra/CMakeFiles/CMakeTmp'



Compiling the CXX compiler identification source file "CMakeCXXCompilerId.cpp" succeeded.
Compiler: /usr/bin/c++ 
Build flags: 
Id flags:  

The output was:
0


Compilation of the CXX compiler identification source "CMakeCXXCompilerId.cpp" produced "a.out"

The CXX compiler identification is GNU, found in "/mnt/c/Users/Hostrider/CLionProjects/lab1parra/CMakeFiles/3.16.3/CompilerIdCXX/a.out"

Determining if the CXX compiler works passed with the following output:
Change Dir: /mnt/c/Users/Hostrider/CLionProjects/lab1parra/CMakeFiles/CMakeTmp

Run Build Command(s):/usr/bin/make cmTC_a0b0c/fast && /usr/bin/make -f CMakeFiles/cmTC_a0b0c.dir/build.make CMakeFiles/cmTC_a0b0c.dir/build
make[1]: Entering directory '/mnt/c/Users/Hostrider/CLionProjects/lab1parra/CMakeFiles/CMakeTmp'
Building CXX object CMakeFiles/cmTC_a0b0c.dir/testCXXCompiler.cxx.o
/usr/bin/c++     -o CMakeFiles/cmTC_a0b0c.dir/testCXXCompiler.cxx.o -c /mnt/c/Users/Hostrider/CLionProjects/lab1parra/CMakeFiles/CMakeTmp/testCXXCompiler.cxx
Linking CXX executable cmTC_a0b0c
/usr/bin/cmake -E cmake_link_script CMakeFiles/cmTC_a0b0c.dir/link.txt --verbose=1
/usr/bin/c++       CMakeFiles/cmTC_a0b0c.dir/testCXXCompiler.cxx.o  -o cmTC_a0b0c 
make[1]: Leaving directory '/mnt/c/Users/Hostrider/CLionProjects/lab1parra/CMakeFiles/CMakeTmp'



